number,value,datetime_start,datetime_complete,duration,params_max_depth,params_min_samples_leaf,params_min_samples_split,params_n_estimators,user_attrs_gap_f1,user_attrs_test_accuracy,user_attrs_train_f1,state
0,0.816815680353734,2026-05-13 17:14:15.089557,2026-05-13 17:14:17.130045,0 days 00:00:02.040488,12,30,7,219,0.00706988227591776,0.8357836338418861,0.8238855626296517,COMPLETE
1,0.8187481722326126,2026-05-13 17:14:17.131024,2026-05-13 17:14:19.023750,0 days 00:00:01.892726,12,20,7,240,0.013549885201148859,0.8371705963938973,0.8322980574337615,COMPLETE
2,0.8139144356277791,2026-05-13 17:14:19.025024,2026-05-13 17:14:20.984599,0 days 00:00:01.959575,10,45,11,447,0.004351245937807335,0.8343966712898752,0.8182656815655864,COMPLETE
3,0.8234217572924241,2026-05-13 17:14:20.985843,2026-05-13 17:14:22.245791,0 days 00:00:01.259948,9,16,8,380,0.012400536728817912,0.840499306518724,0.835822294021242,COMPLETE
4,0.8163139470760579,2026-05-13 17:14:22.246970,2026-05-13 17:14:22.871789,0 days 00:00:00.624819,5,7,9,218,0.006413738222150744,0.8363384188626906,0.8227276852982086,COMPLETE
5,0.8149499215250827,2026-05-13 17:14:22.872912,2026-05-13 17:14:23.596497,0 days 00:00:00.723585,7,44,10,243,0.00350609052659967,0.8352288488210817,0.8184560120516824,COMPLETE
6,0.8157516934600627,2026-05-13 17:14:23.597453,2026-05-13 17:14:24.264891,0 days 00:00:00.667438,10,36,5,208,0.0050169944871981675,0.835506241331484,0.8207686879472609,COMPLETE
7,0.8133099754127979,2026-05-13 17:14:24.265824,2026-05-13 17:14:25.434970,0 days 00:00:01.169146,7,47,18,436,0.0043787383619491305,0.8341192787794729,0.8176887137747471,COMPLETE
8,0.8162945445472163,2026-05-13 17:14:25.435917,2026-05-13 17:14:26.177179,0 days 00:00:00.741262,6,21,12,253,0.006431379746338783,0.8360610263522885,0.8227259242935551,COMPLETE
9,0.8243290984463016,2026-05-13 17:14:26.177908,2026-05-13 17:14:27.316056,0 days 00:00:01.138148,12,12,2,328,0.022597382554086387,0.8407766990291261,0.846926481000388,COMPLETE
10,0.8287914077173804,2026-05-13 17:14:27.317080,2026-05-13 17:14:27.855777,0 days 00:00:00.538697,15,5,2,135,0.06105915322138955,0.8424410540915395,0.8898505609387699,COMPLETE
11,0.8295880451587347,2026-05-13 17:14:27.856575,2026-05-13 17:14:28.340602,0 days 00:00:00.484027,15,6,2,112,0.05035796149713467,0.8435506241331483,0.8799460066558694,COMPLETE
12,0.8297403330571502,2026-05-13 17:14:28.341501,2026-05-13 17:14:28.778057,0 days 00:00:00.436556,15,6,3,107,0.050128661198795554,0.8438280166435506,0.8798689942559458,COMPLETE
13,0.8235483870425222,2026-05-13 17:14:28.779143,2026-05-13 17:14:29.171407,0 days 00:00:00.392264,15,12,4,103,0.025723363778706876,0.8396671289875173,0.8492717508212291,COMPLETE
14,0.8187597994383193,2026-05-13 17:14:29.172623,2026-05-13 17:14:29.679958,0 days 00:00:00.507335,14,25,14,155,0.00904278217391119,0.8371705963938973,0.8278025816122305,COMPLETE
15,0.8256774174862425,2026-05-13 17:14:29.680916,2026-05-13 17:14:30.245778,0 days 00:00:00.564862,13,10,4,156,0.03057211524246639,0.8413314840499305,0.8562495327287089,COMPLETE
16,0.8224711817547903,2026-05-13 17:14:30.247172,2026-05-13 17:14:31.263147,0 days 00:00:01.015975,14,16,5,308,0.013253593639299677,0.8396671289875173,0.83572477539409,COMPLETE
17,0.8170053269264,2026-05-13 17:14:31.264021,2026-05-13 17:14:31.639711,0 days 00:00:00.375690,14,33,20,113,0.004906618656564277,0.8363384188626906,0.8219119455829643,COMPLETE
18,0.8277937571224226,2026-05-13 17:14:31.640829,2026-05-13 17:14:32.343649,0 days 00:00:00.702820,15,5,15,175,0.05074051877576302,0.8421636615811373,0.8785342758981857,COMPLETE
19,0.8210196200593589,2026-05-13 17:14:32.344456,2026-05-13 17:14:34.022576,0 days 00:00:01.678120,13,17,2,500,0.01470191447528224,0.8385575589459083,0.8357215345346412,COMPLETE
20,0.818040863141398,2026-05-13 17:14:34.023758,2026-05-13 17:14:34.618426,0 days 00:00:00.594668,11,25,6,186,0.009205736833231892,0.8366158113730929,0.8272465999746299,COMPLETE
21,0.8284378547336619,2026-05-13 17:14:34.619332,2026-05-13 17:14:35.185842,0 days 00:00:00.566510,15,5,2,133,0.061642685229823524,0.8421636615811373,0.8900805399634855,COMPLETE
22,0.8273616429783418,2026-05-13 17:14:35.186594,2026-05-13 17:14:35.600749,0 days 00:00:00.414155,15,9,3,103,0.03133988108786723,0.8421636615811373,0.858701524066209,COMPLETE
23,0.8238600402278564,2026-05-13 17:14:35.601760,2026-05-13 17:14:36.124324,0 days 00:00:00.522564,13,13,4,141,0.021313360382809732,0.840499306518724,0.8451734006106661,COMPLETE
24,0.8296849521112536,2026-05-13 17:14:36.125252,2026-05-13 17:14:36.857567,0 days 00:00:00.732315,14,5,2,181,0.05834456023940271,0.8435506241331483,0.8880295123506563,COMPLETE
25,0.8239822069250275,2026-05-13 17:14:36.858512,2026-05-13 17:14:37.851930,0 days 00:00:00.993418,14,9,6,277,0.033495300948213624,0.8396671289875173,0.8574775078732412,COMPLETE
26,0.8193712251921141,2026-05-13 17:14:37.852804,2026-05-13 17:14:38.491404,0 days 00:00:00.638600,13,20,4,182,0.013034036132067661,0.8377253814147018,0.8324052613241818,COMPLETE
27,0.8150388948689867,2026-05-13 17:14:38.492374,2026-05-13 17:14:39.060456,0 days 00:00:00.568082,9,39,3,173,0.005562155553455184,0.8352288488210817,0.8206010504224419,COMPLETE
28,0.8230111193695379,2026-05-13 17:14:39.061577,2026-05-13 17:14:39.550236,0 days 00:00:00.488659,14,13,6,125,0.02313817136703822,0.8396671289875173,0.8461492907365761,COMPLETE
29,0.8267339019673436,2026-05-13 17:14:39.551186,2026-05-13 17:14:40.330126,0 days 00:00:00.778940,12,8,8,213,0.034501717834357626,0.8418862690707349,0.8612356198017013,COMPLETE
30,0.8173200962756202,2026-05-13 17:14:40.330993,2026-05-13 17:14:41.432922,0 days 00:00:01.101929,11,28,3,338,0.00675675561912259,0.8363384188626906,0.8240768518947428,COMPLETE
31,0.8285392347971481,2026-05-13 17:14:41.433906,2026-05-13 17:14:42.000453,0 days 00:00:00.566547,15,5,2,142,0.06129309998465793,0.8421636615811373,0.889832334781806,COMPLETE
32,0.830434489573312,2026-05-13 17:14:42.001355,2026-05-13 17:14:42.540898,0 days 00:00:00.539543,15,7,2,124,0.04228305615928252,0.8449375866851595,0.8727175457325945,COMPLETE
33,0.8261657942248375,2026-05-13 17:14:42.542846,2026-05-13 17:14:42.965149,0 days 00:00:00.422303,14,10,5,110,0.02999867801679401,0.8416088765603329,0.8561644722416315,COMPLETE
34,0.824567563579109,2026-05-13 17:14:42.965960,2026-05-13 17:14:43.633024,0 days 00:00:00.667064,13,15,7,193,0.014923684025582529,0.8410540915395284,0.8394912476046915,COMPLETE
35,0.8267918193294037,2026-05-13 17:14:43.633840,2026-05-13 17:14:44.292481,0 days 00:00:00.658641,15,7,3,162,0.04542273580941969,0.8416088765603329,0.8722145551388234,COMPLETE
36,0.8214623255318317,2026-05-13 17:14:44.293597,2026-05-13 17:14:44.757550,0 days 00:00:00.463953,11,18,4,124,0.01408841801094074,0.8388349514563107,0.8355507435427725,COMPLETE
37,0.8266686882853429,2026-05-13 17:14:44.758486,2026-05-13 17:14:45.174204,0 days 00:00:00.415718,14,11,9,100,0.02438138182701377,0.8424410540915395,0.8510500701123567,COMPLETE
38,0.8263506674293218,2026-05-13 17:14:45.175043,2026-05-13 17:14:46.016054,0 days 00:00:00.841011,15,8,5,230,0.03685851348231639,0.8416088765603329,0.8632091809116382,COMPLETE
39,0.820037572244526,2026-05-13 17:14:46.017311,2026-05-13 17:14:46.733623,0 days 00:00:00.716312,8,14,7,201,0.01671447746610344,0.8377253814147018,0.8367520497106294,COMPLETE
40,0.8160749515656709,2026-05-13 17:14:46.734552,2026-05-13 17:14:47.934527,0 days 00:00:01.199975,12,23,11,383,0.01148242929483223,0.8352288488210817,0.8275573808605031,COMPLETE
41,0.8285392347971481,2026-05-13 17:14:47.935464,2026-05-13 17:14:48.502253,0 days 00:00:00.566789,15,5,2,143,0.061327036062560736,0.8421636615811373,0.8898662708597088,COMPLETE
42,0.8279617989627578,2026-05-13 17:14:48.503317,2026-05-13 17:14:48.987516,0 days 00:00:00.484199,14,7,3,124,0.04337502917749381,0.8424410540915395,0.8713368281402516,COMPLETE
43,0.8274462721278736,2026-05-13 17:14:48.988337,2026-05-13 17:14:49.615378,0 days 00:00:00.627041,15,7,2,153,0.04498231733559066,0.8424410540915395,0.8724285894634642,COMPLETE
44,0.8274315740784864,2026-05-13 17:14:49.616227,2026-05-13 17:14:50.505273,0 days 00:00:00.889046,15,11,3,251,0.022681654276826557,0.8432732316227461,0.850113228355313,COMPLETE
45,0.8164481747491644,2026-05-13 17:14:50.506111,2026-05-13 17:14:50.916002,0 days 00:00:00.409891,5,5,2,127,0.007104102652488398,0.8366158113730929,0.8235522774016528,COMPLETE
46,0.8176837954610485,2026-05-13 17:14:50.916804,2026-05-13 17:14:51.385240,0 days 00:00:00.468436,14,40,4,153,0.0033250149080470415,0.8368932038834951,0.8210088103690956,COMPLETE
47,0.8290016342937185,2026-05-13 17:14:51.387147,2026-05-13 17:14:52.054328,0 days 00:00:00.667181,13,7,5,165,0.04258469093152817,0.8438280166435506,0.8715863252252467,COMPLETE
48,0.8135668911170478,2026-05-13 17:14:52.055205,2026-05-13 17:14:52.738374,0 days 00:00:00.683169,13,49,5,223,0.0038925557287357027,0.8343966712898752,0.8174594468457835,COMPLETE
49,0.8280537453776293,2026-05-13 17:14:52.739292,2026-05-13 17:14:53.395052,0 days 00:00:00.655760,13,11,14,168,0.024349297670635872,0.8438280166435506,0.8524030430482652,COMPLETE
